  Main.cpp
e:\中国象棋\中国象棋第一版\中国象棋第一版\联网下棋.h(186): warning C4068: 未知的杂注
E:\\中国象棋\\象棋走棋规则\\象棋走棋规则\\棋谱生成.h(19): warning C4068: 未知的杂注
e:\中国象棋\中国象棋第一版\中国象棋第一版\象棋游戏.h(1285): warning C4477: “snprintf”: 格式字符串“%s”需要类型“char *”的参数，但可变参数 1 拥有了类型“System::String ^”
e:\中国象棋\中国象棋第一版\中国象棋第一版\象棋游戏.h(1286): warning C4477: “snprintf”: 格式字符串“%s”需要类型“char *”的参数，但可变参数 1 拥有了类型“System::String ^”
e:\中国象棋\中国象棋第一版\中国象棋第一版\象棋游戏.h(1289): warning C4477: “snprintf”: 格式字符串“%s”需要类型“char *”的参数，但可变参数 1 拥有了类型“System::String ^”
e:\中国象棋\中国象棋第一版\中国象棋第一版\象棋游戏.h(1290): warning C4477: “snprintf”: 格式字符串“%s”需要类型“char *”的参数，但可变参数 1 拥有了类型“System::String ^”
e:\中国象棋\中国象棋第一版\中国象棋第一版\象棋游戏.h(1319): warning C4477: “snprintf”: 格式字符串“%s”需要类型“char *”的参数，但可变参数 1 拥有了类型“System::String ^”
e:\中国象棋\中国象棋第一版\中国象棋第一版\棋谱复盘.h(731): warning C4018: “<”: 有符号/无符号不匹配
e:\中国象棋\中国象棋第一版\中国象棋第一版\棋谱复盘.h(769): warning C4018: “>”: 有符号/无符号不匹配
e:\中国象棋\中国象棋第一版\中国象棋第一版\棋谱复盘.h(773): warning C4101: “e”: 未引用的局部变量
  棋谱复盘.cpp
e:\中国象棋\中国象棋第一版\中国象棋第一版\联网下棋.h(186): warning C4068: 未知的杂注
E:\\中国象棋\\象棋走棋规则\\象棋走棋规则\\棋谱生成.h(19): warning C4068: 未知的杂注
e:\中国象棋\中国象棋第一版\中国象棋第一版\象棋游戏.h(1285): warning C4477: “snprintf”: 格式字符串“%s”需要类型“char *”的参数，但可变参数 1 拥有了类型“System::String ^”
e:\中国象棋\中国象棋第一版\中国象棋第一版\象棋游戏.h(1286): warning C4477: “snprintf”: 格式字符串“%s”需要类型“char *”的参数，但可变参数 1 拥有了类型“System::String ^”
e:\中国象棋\中国象棋第一版\中国象棋第一版\象棋游戏.h(1289): warning C4477: “snprintf”: 格式字符串“%s”需要类型“char *”的参数，但可变参数 1 拥有了类型“System::String ^”
e:\中国象棋\中国象棋第一版\中国象棋第一版\象棋游戏.h(1290): warning C4477: “snprintf”: 格式字符串“%s”需要类型“char *”的参数，但可变参数 1 拥有了类型“System::String ^”
e:\中国象棋\中国象棋第一版\中国象棋第一版\象棋游戏.h(1319): warning C4477: “snprintf”: 格式字符串“%s”需要类型“char *”的参数，但可变参数 1 拥有了类型“System::String ^”
e:\中国象棋\中国象棋第一版\中国象棋第一版\棋谱复盘.h(731): warning C4018: “<”: 有符号/无符号不匹配
e:\中国象棋\中国象棋第一版\中国象棋第一版\棋谱复盘.h(769): warning C4018: “>”: 有符号/无符号不匹配
e:\中国象棋\中国象棋第一版\中国象棋第一版\棋谱复盘.h(773): warning C4101: “e”: 未引用的局部变量
  游戏房间.cpp
e:\中国象棋\中国象棋第一版\中国象棋第一版\联网下棋.h(186): warning C4068: 未知的杂注
E:\\中国象棋\\象棋走棋规则\\象棋走棋规则\\棋谱生成.h(19): warning C4068: 未知的杂注
e:\中国象棋\中国象棋第一版\中国象棋第一版\象棋游戏.h(1285): warning C4477: “snprintf”: 格式字符串“%s”需要类型“char *”的参数，但可变参数 1 拥有了类型“System::String ^”
e:\中国象棋\中国象棋第一版\中国象棋第一版\象棋游戏.h(1286): warning C4477: “snprintf”: 格式字符串“%s”需要类型“char *”的参数，但可变参数 1 拥有了类型“System::String ^”
e:\中国象棋\中国象棋第一版\中国象棋第一版\象棋游戏.h(1289): warning C4477: “snprintf”: 格式字符串“%s”需要类型“char *”的参数，但可变参数 1 拥有了类型“System::String ^”
e:\中国象棋\中国象棋第一版\中国象棋第一版\象棋游戏.h(1290): warning C4477: “snprintf”: 格式字符串“%s”需要类型“char *”的参数，但可变参数 1 拥有了类型“System::String ^”
e:\中国象棋\中国象棋第一版\中国象棋第一版\象棋游戏.h(1319): warning C4477: “snprintf”: 格式字符串“%s”需要类型“char *”的参数，但可变参数 1 拥有了类型“System::String ^”
  联网下棋总控制.cpp
e:\中国象棋\中国象棋第一版\中国象棋第一版\联网下棋.h(186): warning C4068: 未知的杂注
E:\\中国象棋\\象棋走棋规则\\象棋走棋规则\\棋谱生成.h(19): warning C4068: 未知的杂注
e:\中国象棋\中国象棋第一版\中国象棋第一版\象棋游戏.h(1285): warning C4477: “snprintf”: 格式字符串“%s”需要类型“char *”的参数，但可变参数 1 拥有了类型“System::String ^”
e:\中国象棋\中国象棋第一版\中国象棋第一版\象棋游戏.h(1286): warning C4477: “snprintf”: 格式字符串“%s”需要类型“char *”的参数，但可变参数 1 拥有了类型“System::String ^”
e:\中国象棋\中国象棋第一版\中国象棋第一版\象棋游戏.h(1289): warning C4477: “snprintf”: 格式字符串“%s”需要类型“char *”的参数，但可变参数 1 拥有了类型“System::String ^”
e:\中国象棋\中国象棋第一版\中国象棋第一版\象棋游戏.h(1290): warning C4477: “snprintf”: 格式字符串“%s”需要类型“char *”的参数，但可变参数 1 拥有了类型“System::String ^”
e:\中国象棋\中国象棋第一版\中国象棋第一版\象棋游戏.h(1319): warning C4477: “snprintf”: 格式字符串“%s”需要类型“char *”的参数，但可变参数 1 拥有了类型“System::String ^”
e:\中国象棋\中国象棋第一版\中国象棋第一版\棋谱复盘.h(731): warning C4018: “<”: 有符号/无符号不匹配
e:\中国象棋\中国象棋第一版\中国象棋第一版\棋谱复盘.h(769): warning C4018: “>”: 有符号/无符号不匹配
e:\中国象棋\中国象棋第一版\中国象棋第一版\棋谱复盘.h(773): warning C4101: “e”: 未引用的局部变量
联网下棋总控制.cpp(95): warning C4101: “e”: 未引用的局部变量
联网下棋总控制.cpp(106): warning C4101: “e”: 未引用的局部变量
联网下棋总控制.cpp(116): warning C4101: “e”: 未引用的局部变量
联网下棋总控制.cpp(125): warning C4101: “e”: 未引用的局部变量
联网下棋总控制.cpp(134): warning C4101: “e”: 未引用的局部变量
联网下棋总控制.cpp(143): warning C4101: “e”: 未引用的局部变量
联网下棋总控制.cpp(152): warning C4101: “e”: 未引用的局部变量
联网下棋总控制.cpp(161): warning C4101: “e”: 未引用的局部变量
联网下棋总控制.cpp(174): warning C4101: “e”: 未引用的局部变量
联网下棋总控制.cpp(183): warning C4101: “e”: 未引用的局部变量
联网下棋总控制.cpp(215): warning C4101: “e”: 未引用的局部变量
  象棋游戏.cpp
e:\中国象棋\中国象棋第一版\中国象棋第一版\联网下棋.h(186): warning C4068: 未知的杂注
E:\\中国象棋\\象棋走棋规则\\象棋走棋规则\\棋谱生成.h(19): warning C4068: 未知的杂注
e:\中国象棋\中国象棋第一版\中国象棋第一版\象棋游戏.h(1285): warning C4477: “snprintf”: 格式字符串“%s”需要类型“char *”的参数，但可变参数 1 拥有了类型“System::String ^”
e:\中国象棋\中国象棋第一版\中国象棋第一版\象棋游戏.h(1286): warning C4477: “snprintf”: 格式字符串“%s”需要类型“char *”的参数，但可变参数 1 拥有了类型“System::String ^”
e:\中国象棋\中国象棋第一版\中国象棋第一版\象棋游戏.h(1289): warning C4477: “snprintf”: 格式字符串“%s”需要类型“char *”的参数，但可变参数 1 拥有了类型“System::String ^”
e:\中国象棋\中国象棋第一版\中国象棋第一版\象棋游戏.h(1290): warning C4477: “snprintf”: 格式字符串“%s”需要类型“char *”的参数，但可变参数 1 拥有了类型“System::String ^”
e:\中国象棋\中国象棋第一版\中国象棋第一版\象棋游戏.h(1319): warning C4477: “snprintf”: 格式字符串“%s”需要类型“char *”的参数，但可变参数 1 拥有了类型“System::String ^”
象棋游戏.cpp(199): warning C4805: “==”: 在操作中将类型“int”与类型“bool”混合不安全
象棋游戏.cpp(244): warning C4477: “snprintf”: 格式字符串“%s”需要类型“char *”的参数，但可变参数 1 拥有了类型“System::String ^”
象棋游戏.cpp(262): warning C4805: “==”: 在操作中将类型“int”与类型“bool”混合不安全
象棋游戏.cpp(506): warning C4101: “e”: 未引用的局部变量
象棋游戏.cpp(513): warning C4101: “e”: 未引用的局部变量
象棋游戏.cpp(520): warning C4101: “e”: 未引用的局部变量
  正在生成代码...
e:\中国象棋\中国象棋第一版\中国象棋第一版\象棋游戏.h(1082): warning C4715: “中国象棋第一版::象棋游戏::GetClickColor”: 不是所有的控件路径都返回值
e:\中国象棋\中国象棋第一版\中国象棋第一版\象棋游戏.cpp(189): warning C4715: “中国象棋第一版::象棋游戏::GetChessPieceColor”: 不是所有的控件路径都返回值
e:\中国象棋\中国象棋第一版\中国象棋第一版\象棋游戏.h(1082): warning C4715: “中国象棋第一版::象棋游戏::GetClickColor”: 不是所有的控件路径都返回值
e:\中国象棋\中国象棋第一版\中国象棋第一版\象棋游戏.h(1082): warning C4715: “中国象棋第一版::象棋游戏::GetClickColor”: 不是所有的控件路径都返回值
e:\中国象棋\中国象棋第一版\中国象棋第一版\象棋游戏.h(1082): warning C4715: “中国象棋第一版::象棋游戏::GetClickColor”: 不是所有的控件路径都返回值
e:\中国象棋\中国象棋第一版\中国象棋第一版\象棋游戏.h(1082): warning C4715: “中国象棋第一版::象棋游戏::GetClickColor”: 不是所有的控件路径都返回值
  libfilesql.lib(libfilesql.obj) : 找到 MSIL .netmodule 或使用 /GL 编译的模块；正在使用 /LTCG 重新启动链接；将 /LTCG 添加到链接命令行以改进链接器性能
  正在生成代码
e:\中国象棋\象棋走棋规则\象棋走棋规则\棋谱生成.cpp(228): warning C4715: “CharacterToInt”: 不是所有的控件路径都返回值
  已完成代码的生成
  中国象棋第一版.vcxproj -> E:\中国象棋\中国象棋第一版\Release\中国象棋第一版.exe
  中国象棋第一版.vcxproj -> E:\中国象棋\中国象棋第一版\Release\中国象棋第一版.pdb (Full PDB)
