e:\中国象棋\中国象棋第一版\中国象棋第一版\release\vc140.pdb
e:\中国象棋\中国象棋第一版\中国象棋第一版\release\.netframework,version=v4.5.2.assemblyattributes.obj
e:\中国象棋\中国象棋第一版\中国象棋第一版\release\.netframework,version=v4.5.2.assemblyattributes.asm
e:\中国象棋\中国象棋第一版\中国象棋第一版\release\联网下棋总控制.obj
e:\中国象棋\中国象棋第一版\中国象棋第一版\release\游戏房间.obj
e:\中国象棋\中国象棋第一版\中国象棋第一版\release\main.obj
e:\中国象棋\中国象棋第一版\中国象棋第一版\release\象棋游戏.obj
e:\中国象棋\中国象棋第一版\中国象棋第一版\release\棋谱复盘.obj
e:\中国象棋\中国象棋第一版\中国象棋第一版\release\登入.obj
e:\中国象棋\中国象棋第一版\中国象棋第一版\release\联网下棋.obj
e:\中国象棋\中国象棋第一版\中国象棋第一版\release\中国象棋第一版.tlog\metagen.write.1.tlog
e:\中国象棋\中国象棋第一版\中国象棋第一版\release\中国象棋第一版.res
e:\中国象棋\中国象棋第一版\release\weifenluo.winformsui.docking.dll
e:\中国象棋\中国象棋第一版\release\日志控件.dll
e:\中国象棋\中国象棋第一版\release\日志控件.pdb
e:\中国象棋\中国象棋第一版\中国象棋第一版\release\中国象棋第一版.主界面.resources
e:\中国象棋\中国象棋第一版\中国象棋第一版\release\中国象棋第一版.日志.resources
e:\中国象棋\中国象棋第一版\中国象棋第一版\release\中国象棋第一版.棋谱复盘.resources
e:\中国象棋\中国象棋第一版\中国象棋第一版\release\中国象棋第一版.游戏房间.resources
e:\中国象棋\中国象棋第一版\中国象棋第一版\release\中国象棋第一版.登入.resources
e:\中国象棋\中国象棋第一版\中国象棋第一版\release\中国象棋第一版.象棋游戏.resources
e:\中国象棋\中国象棋第一版\中国象棋第一版\release\中国象棋第一版.vcxproj.generateresource.cache
e:\中国象棋\中国象棋第一版\中国象棋第一版\release\中国象棋第一版.vcxproj.resolvecomreference.cache
e:\中国象棋\中国象棋第一版\中国象棋第一版\release\中国象棋第一版.vcxprojresolveassemblyreference.cache
e:\中国象棋\中国象棋第一版\release\中国象棋第一版.pdb
e:\中国象棋\中国象棋第一版\中国象棋第一版\release\中国象棋第一版.tlog\cl.command.1.tlog
e:\中国象棋\中国象棋第一版\中国象棋第一版\release\中国象棋第一版.tlog\cl.read.1.tlog
e:\中国象棋\中国象棋第一版\中国象棋第一版\release\中国象棋第一版.tlog\cl.write.1.tlog
e:\中国象棋\中国象棋第一版\中国象棋第一版\release\中国象棋第一版.tlog\link.10860.read.1.tlog
e:\中国象棋\中国象棋第一版\中国象棋第一版\release\中国象棋第一版.tlog\link.10860.write.1.tlog
e:\中国象棋\中国象棋第一版\中国象棋第一版\release\中国象棋第一版.tlog\link.13260.read.1.tlog
e:\中国象棋\中国象棋第一版\中国象棋第一版\release\中国象棋第一版.tlog\link.13260.write.1.tlog
e:\中国象棋\中国象棋第一版\中国象棋第一版\release\中国象棋第一版.tlog\link.13752.read.1.tlog
e:\中国象棋\中国象棋第一版\中国象棋第一版\release\中国象棋第一版.tlog\link.13752.write.1.tlog
e:\中国象棋\中国象棋第一版\中国象棋第一版\release\中国象棋第一版.tlog\link.command.1.tlog
e:\中国象棋\中国象棋第一版\中国象棋第一版\release\中国象棋第一版.tlog\link.read.1.tlog
e:\中国象棋\中国象棋第一版\中国象棋第一版\release\中国象棋第一版.tlog\link.write.1.tlog
e:\中国象棋\中国象棋第一版\中国象棋第一版\release\中国象棋第一版.tlog\metagen.read.1.tlog
e:\中国象棋\中国象棋第一版\中国象棋第一版\release\中国象棋第一版.tlog\rc.command.1.tlog
e:\中国象棋\中国象棋第一版\中国象棋第一版\release\中国象棋第一版.tlog\rc.read.1.tlog
e:\中国象棋\中国象棋第一版\中国象棋第一版\release\中国象棋第一版.tlog\rc.write.1.tlog
e:\中国象棋\中国象棋第一版\中国象棋第一版\release\中国象棋第一版.tlog\中国象棋第一版.write.1u.tlog
e:\中国象棋\中国象棋第一版\中国象棋第一版\release\中国象棋第一版.tlog\axinterop.wmplib.1.0.dll.metagen
e:\中国象棋\中国象棋第一版\中国象棋第一版\release\中国象棋第一版.tlog\interop.wmplib.1.0.dll.metagen
e:\中国象棋\中国象棋第一版\中国象棋第一版\release\中国象棋第一版.tlog\weifenluo.winformsui.docking.dll.metagen
e:\中国象棋\中国象棋第一版\中国象棋第一版\release\中国象棋第一版.tlog\日志控件.dll.metagen
e:\中国象棋\中国象棋第一版\中国象棋第一版\release\中国象棋第一版.tlog\rsaenh.dll.bi
e:\中国象棋\中国象棋第一版\中国象棋第一版\release\中国象棋第一版.tlog\tzres.dll.bi
